<?xml version="1.0" encoding="UTF-8"?>
<!-- Generated by org.testng.reporters.JUnitReportReporter -->
<testsuite hostname="PAVANPUTRA" failures="0" tests="1" name="testNG.TestCase1" time="5.424" errors="0" timestamp="2021-05-14T11:13:09 IST" skipped="0">
  <testcase classname="testNG.TestCase1" name="openApp" time="5.424"/>
  <system-out>
    <![CDATA[actiTIME - Login
http://localhost/login.do]]>
  </system-out>
</testsuite> <!-- testNG.TestCase1 -->
