<?xml version="1.0" encoding="UTF-8"?>
<!-- Generated by org.testng.reporters.JUnitReportReporter -->
<testsuite hostname="PAVANPUTRA" failures="0" tests="1" name="testNG.Demo" time="0.015" errors="0" timestamp="2021-05-13T20:38:44 IST" skipped="0">
  <testcase classname="testNG.Demo" name="demo" time="0.015"/>
  <system-out>
    <![CDATA[Hello Selenium]]>
  </system-out>
</testsuite> <!-- testNG.Demo -->
