<?xml version="1.0" encoding="UTF-8"?>
<!-- Generated by org.testng.reporters.JUnitReportReporter -->
<testsuite hostname="PAVANPUTRA" failures="0" tests="1" name="testNG.Check$TestNGSimpleTest" time="0.013" errors="0" timestamp="2021-05-13T21:35:22 IST" skipped="0">
  <testcase classname="testNG.Check$TestNGSimpleTest" name="testAdd" time="0.013"/>
  <system-out/>
</testsuite> <!-- testNG.Check$TestNGSimpleTest -->
