<?xml version="1.0" encoding="UTF-8"?>
<!-- Generated by org.testng.reporters.JUnitReportReporter -->
<testsuite hostname="PAVANPUTRA" failures="0" tests="6" name="testNG.PriorityDemo" time="0.016" errors="0" timestamp="2021-05-13T21:08:50 IST" skipped="1">
  <testcase classname="testNG.PriorityDemo" name="test" time="0.009"/>
  <system-out>
    <![CDATA[Hiiii]]>
  </system-out>
  <testcase classname="testNG.PriorityDemo" name="call" time="0.002"/>
  <system-out>
    <![CDATA[calling]]>
  </system-out>
  <testcase classname="testNG.PriorityDemo" name="call" time="0.002"/>
  <system-out>
    <![CDATA[calling]]>
  </system-out>
  <testcase classname="testNG.PriorityDemo" name="call" time="0.001"/>
  <system-out>
    <![CDATA[calling]]>
  </system-out>
  <testcase classname="testNG.PriorityDemo" name="call" time="0.002"/>
  <system-out>
    <![CDATA[calling]]>
  </system-out>
  <testcase classname="testNG.PriorityDemo" name="chat">
    <skipped/>
  </testcase> <!-- chat -->
  <system-out/>
</testsuite> <!-- testNG.PriorityDemo -->
