<?xml version="1.0" encoding="UTF-8"?>
<!-- Generated by org.testng.reporters.JUnitReportReporter -->
<testsuite hostname="PAVANPUTRA" failures="0" tests="1" name="testNG.Check" time="0.012" errors="0" timestamp="2021-05-13T21:37:24 IST" skipped="0">
  <testcase classname="testNG.Check" name="testAdd" time="0.012"/>
  <system-out/>
</testsuite> <!-- testNG.Check -->
